<?xml version="1.0" encoding="UTF-8"?>
<testsuite xmlns:xsi="http://www.w3.org/2001/XMLSchema-instance" xsi:schemaLocation="https://maven.apache.org/surefire/maven-surefire-plugin/xsd/surefire-test-report.xsd" name="runner.RunnerTest" time="21.276" tests="344" errors="0" skipped="0" failures="0">
  <properties>
[...]
</properties>
  <testcase name="Dado que o usuário gostaria de salvar seu registro" classname="Cenário: Criação de um novo processo - POST" time="0.001"/>
  <testcase name="E o usuário informar &quot;vara&quot; com valor igual a &quot;Osasco&quot;" classname="Cenário: Criação de um novo processo - POST" time="0"/>
  <testcase name="E o usuário informar &quot;numero_processo&quot; com valor igual a &quot;12345&quot;" classname="Cenário: Criação de um novo processo - POST" time="0"/>
  <testcase name="E o usuário informar &quot;natureza&quot; com valor igual a &quot;Guarda&quot;" classname="Cenário: Criação de um novo processo - POST" time="0"/>
  <testcase name="E o usuário informar &quot;partes&quot; com valor igual a &quot;Lucas x Mirella&quot;" classname="Cenário: Criação de um novo processo - POST" time="0"/>
  <testcase name="E o usuário informar &quot;urgente&quot; com valor igual a &quot;N&quot;" classname="Cenário: Criação de um novo processo - POST" time="0"/>
  <testcase name="E o usuário informar &quot;arbitramento&quot; com valor igual a &quot;S&quot;" classname="Cenário: Criação de um novo processo - POST" time="0"/>
  <testcase name="E o usuário informar &quot;assistente_social&quot; com valor igual a &quot;Aline&quot;" classname="Cenário: Criação de um novo processo - POST" time="0"/>
  <testcase name="E o usuário informar &quot;data_entrada&quot; com valor igual a &quot;17/12/2020&quot;" classname="Cenário: Criação de um novo processo - POST" time="0"/>
  <testcase name="E o usuário informar &quot;data_saida&quot; com valor igual a &quot;&quot;" classname="Cenário: Criação de um novo processo - POST" time="0"/>
  <testcase name="E o usuário informar &quot;data_agendamento&quot; com valor igual a &quot;&quot;" classname="Cenário: Criação de um novo processo - POST" time="0"/>
  <testcase name="E o usuário informar &quot;status&quot; com valor igual a &quot;Aguardando&quot;" classname="Cenário: Criação de um novo processo - POST" time="0"/>
  <testcase name="E o usuário informar &quot;observacao&quot; com valor igual a &quot;&quot;" classname="Cenário: Criação de um novo processo - POST" time="0"/>
  <testcase name="Quando o usuário clicar no botão salvar" classname="Cenário: Criação de um novo processo - POST" time="0"/>
  <testcase name="Então o usuário deveria ver a mensagem &quot;salvo com sucesso&quot;" classname="Cenário: Criação de um novo processo - POST" time="0"/>
  <testcase name="Cenário: Criação de um novo processo - POST" classname="Cenário: Criação de um novo processo - POST" time="0"/>
  <testcase name="Dado que o usuário gostaria de salvar seu registro" classname="Cenário: Pegar o último processo que foi criado - GET" time="0"/>
  <testcase name="E o usuário informar &quot;vara&quot; com valor igual a &quot;Osasco&quot;" classname="Cenário: Pegar o último processo que foi criado - GET" time="0"/>
  <testcase name="E o usuário informar &quot;numero_processo&quot; com valor igual a &quot;12345&quot;" classname="Cenário: Pegar o último processo que foi criado - GET" time="0"/>
  <testcase name="E o usuário informar &quot;natureza&quot; com valor igual a &quot;Guarda&quot;" classname="Cenário: Pegar o último processo que foi criado - GET" time="0"/>
  <testcase name="E o usuário informar &quot;partes&quot; com valor igual a &quot;Lucas x Mirella&quot;" classname="Cenário: Pegar o último processo que foi criado - GET" time="0"/>
  <testcase name="E o usuário informar &quot;urgente&quot; com valor igual a &quot;N&quot;" classname="Cenário: Pegar o último processo que foi criado - GET" time="0"/>
  <testcase name="E o usuário informar &quot;arbitramento&quot; com valor igual a &quot;S&quot;" classname="Cenário: Pegar o último processo que foi criado - GET" time="0"/>
  <testcase name="E o usuário informar &quot;assistente_social&quot; com valor igual a &quot;Aline&quot;" classname="Cenário: Pegar o último processo que foi criado - GET" time="0"/>
  <testcase name="E o usuário informar &quot;data_entrada&quot; com valor igual a &quot;17/12/2020&quot;" classname="Cenário: Pegar o último processo que foi criado - GET" time="0"/>
  <testcase name="E o usuário informar &quot;data_saida&quot; com valor igual a &quot;&quot;" classname="Cenário: Pegar o último processo que foi criado - GET" time="0"/>
  <testcase name="E o usuário informar &quot;data_agendamento&quot; com valor igual a &quot;&quot;" classname="Cenário: Pegar o último processo que foi criado - GET" time="0"/>
  <testcase name="E o usuário informar &quot;status&quot; com valor igual a &quot;Aguardando&quot;" classname="Cenário: Pegar o último processo que foi criado - GET" time="0"/>
  <testcase name="E o usuário informar &quot;observacao&quot; com valor igual a &quot;&quot;" classname="Cenário: Pegar o último processo que foi criado - GET" time="0"/>
  <testcase name="Dado que o usuário queira ver o último processo criado" classname="Cenário: Pegar o último processo que foi criado - GET" time="0"/>
  <testcase name="Quando o usuário clicar em mostrar" classname="Cenário: Pegar o último processo que foi criado - GET" time="0"/>
  <testcase name="Então o usuário deveria ver a mensagem &quot;sucesso&quot;" classname="Cenário: Pegar o último processo que foi criado - GET" time="0"/>
  <testcase name="Cenário: Pegar o último processo que foi criado - GET" classname="Cenário: Pegar o último processo que foi criado - GET" time="0"/>
  <testcase name="Dado que o usuário gostaria de salvar seu registro" classname="Cenário: Criar, alterar e mostrar o processo - POST, PUT e GET" time="0"/>
  <testcase name="E o usuário informar &quot;vara&quot; com valor igual a &quot;Osasco&quot;" classname="Cenário: Criar, alterar e mostrar o processo - POST, PUT e GET" time="0"/>
  <testcase name="E o usuário informar &quot;numero_processo&quot; com valor igual a &quot;12345&quot;" classname="Cenário: Criar, alterar e mostrar o processo - POST, PUT e GET" time="0"/>
  <testcase name="E o usuário informar &quot;natureza&quot; com valor igual a &quot;Guarda&quot;" classname="Cenário: Criar, alterar e mostrar o processo - POST, PUT e GET" time="0"/>
  <testcase name="E o usuário informar &quot;partes&quot; com valor igual a &quot;Lucas x Mirella&quot;" classname="Cenário: Criar, alterar e mostrar o processo - POST, PUT e GET" time="0"/>
  <testcase name="E o usuário informar &quot;urgente&quot; com valor igual a &quot;N&quot;" classname="Cenário: Criar, alterar e mostrar o processo - POST, PUT e GET" time="0"/>
  <testcase name="E o usuário informar &quot;arbitramento&quot; com valor igual a &quot;S&quot;" classname="Cenário: Criar, alterar e mostrar o processo - POST, PUT e GET" time="0"/>
  <testcase name="E o usuário informar &quot;assistente_social&quot; com valor igual a &quot;Aline&quot;" classname="Cenário: Criar, alterar e mostrar o processo - POST, PUT e GET" time="0"/>
  <testcase name="E o usuário informar &quot;data_entrada&quot; com valor igual a &quot;17/12/2020&quot;" classname="Cenário: Criar, alterar e mostrar o processo - POST, PUT e GET" time="0"/>
  <testcase name="E o usuário informar &quot;data_saida&quot; com valor igual a &quot;&quot;" classname="Cenário: Criar, alterar e mostrar o processo - POST, PUT e GET" time="0"/>
  <testcase name="E o usuário informar &quot;data_agendamento&quot; com valor igual a &quot;&quot;" classname="Cenário: Criar, alterar e mostrar o processo - POST, PUT e GET" time="0"/>
  <testcase name="E o usuário informar &quot;status&quot; com valor igual a &quot;Aguardando&quot;" classname="Cenário: Criar, alterar e mostrar o processo - POST, PUT e GET" time="0"/>
  <testcase name="E o usuário informar &quot;observacao&quot; com valor igual a &quot;&quot;" classname="Cenário: Criar, alterar e mostrar o processo - POST, PUT e GET" time="0"/>
  <testcase name="Dado o usuário clicar no botão salvar" classname="Cenário: Criar, alterar e mostrar o processo - POST, PUT e GET" time="0"/>
  <testcase name="Quando alterar o campo &quot;status&quot; para o valor &quot;Finalizado&quot;" classname="Cenário: Criar, alterar e mostrar o processo - POST, PUT e GET" time="0"/>
  <testcase name="E o usuário clicar em editar" classname="Cenário: Criar, alterar e mostrar o processo - POST, PUT e GET" time="0"/>
  <testcase name="Então o usuário deveria ver a mensagem &quot;sucesso&quot;" classname="Cenário: Criar, alterar e mostrar o processo - POST, PUT e GET" time="0"/>
  <testcase name="Quando o usuário clicar em mostrar" classname="Cenário: Criar, alterar e mostrar o processo - POST, PUT e GET" time="0"/>
  <testcase name="Então o usuário visualiza o campo &quot;vara&quot; com valor igual a &quot;Osasco&quot;" classname="Cenário: Criar, alterar e mostrar o processo - POST, PUT e GET" time="0"/>
  <testcase name="E o usuário visualiza o campo &quot;numero_processo&quot; com valor igual a &quot;12345&quot;" classname="Cenário: Criar, alterar e mostrar o processo - POST, PUT e GET" time="0"/>
  <testcase name="E o usuário visualiza o campo &quot;natureza&quot; com valor igual a &quot;Guarda&quot;" classname="Cenário: Criar, alterar e mostrar o processo - POST, PUT e GET" time="0"/>
  <testcase name="E o usuário visualiza o campo &quot;partes&quot; com valor igual a &quot;Lucas x Mirella&quot;" classname="Cenário: Criar, alterar e mostrar o processo - POST, PUT e GET" time="0"/>
  <testcase name="E o usuário visualiza o campo &quot;urgente&quot; com valor igual a &quot;N&quot;" classname="Cenário: Criar, alterar e mostrar o processo - POST, PUT e GET" time="0"/>
  <testcase name="E o usuário visualiza o campo &quot;arbitramento&quot; com valor igual a &quot;S&quot;" classname="Cenário: Criar, alterar e mostrar o processo - POST, PUT e GET" time="0"/>
  <testcase name="E o usuário visualiza o campo &quot;assistente_social&quot; com valor igual a &quot;Aline&quot;" classname="Cenário: Criar, alterar e mostrar o processo - POST, PUT e GET" time="0"/>
  <testcase name="E o usuário visualiza o campo &quot;data_entrada&quot; com valor igual a &quot;2020-12-17&quot;" classname="Cenário: Criar, alterar e mostrar o processo - POST, PUT e GET" time="0"/>
  <testcase name="E o usuário visualiza o campo &quot;data_saida&quot; com valor igual a &quot;&quot;" classname="Cenário: Criar, alterar e mostrar o processo - POST, PUT e GET" time="0"/>
  <testcase name="E o usuário visualiza o campo &quot;data_agendamento&quot; com valor igual a &quot;&quot;" classname="Cenário: Criar, alterar e mostrar o processo - POST, PUT e GET" time="0"/>
  <testcase name="E o usuário visualiza o campo &quot;status&quot; com valor igual a &quot;Finalizado&quot;" classname="Cenário: Criar, alterar e mostrar o processo - POST, PUT e GET" time="0"/>
  <testcase name="E o usuário visualiza o campo &quot;observacao&quot; com valor igual a &quot;&quot;" classname="Cenário: Criar, alterar e mostrar o processo - POST, PUT e GET" time="0"/>
  <testcase name="Cenário: Criar, alterar e mostrar o processo - POST, PUT e GET" classname="Cenário: Criar, alterar e mostrar o processo - POST, PUT e GET" time="0.001"/>
  <testcase name="Dado que o usuário gostaria de salvar seu registro" classname="Cenário: Criar, deletar o processo e validar se foi deletado - POST, DELETE e GET" time="0"/>
  <testcase name="E o usuário informar &quot;vara&quot; com valor igual a &quot;Osasco&quot;" classname="Cenário: Criar, deletar o processo e validar se foi deletado - POST, DELETE e GET" time="0"/>
  <testcase name="E o usuário informar &quot;numero_processo&quot; com valor igual a &quot;12345&quot;" classname="Cenário: Criar, deletar o processo e validar se foi deletado - POST, DELETE e GET" time="0"/>
  <testcase name="E o usuário informar &quot;natureza&quot; com valor igual a &quot;Guarda&quot;" classname="Cenário: Criar, deletar o processo e validar se foi deletado - POST, DELETE e GET" time="0"/>
  <testcase name="E o usuário informar &quot;partes&quot; com valor igual a &quot;Lucas x Mirella&quot;" classname="Cenário: Criar, deletar o processo e validar se foi deletado - POST, DELETE e GET" time="0.001"/>
  <testcase name="E o usuário informar &quot;urgente&quot; com valor igual a &quot;N&quot;" classname="Cenário: Criar, deletar o processo e validar se foi deletado - POST, DELETE e GET" time="0"/>
  <testcase name="E o usuário informar &quot;arbitramento&quot; com valor igual a &quot;S&quot;" classname="Cenário: Criar, deletar o processo e validar se foi deletado - POST, DELETE e GET" time="0"/>
  <testcase name="E o usuário informar &quot;assistente_social&quot; com valor igual a &quot;Aline&quot;" classname="Cenário: Criar, deletar o processo e validar se foi deletado - POST, DELETE e GET" time="0.001"/>
  <testcase name="E o usuário informar &quot;data_entrada&quot; com valor igual a &quot;17/12/2020&quot;" classname="Cenário: Criar, deletar o processo e validar se foi deletado - POST, DELETE e GET" time="0"/>
  <testcase name="E o usuário informar &quot;data_saida&quot; com valor igual a &quot;&quot;" classname="Cenário: Criar, deletar o processo e validar se foi deletado - POST, DELETE e GET" time="0.001"/>
  <testcase name="E o usuário informar &quot;data_agendamento&quot; com valor igual a &quot;&quot;" classname="Cenário: Criar, deletar o processo e validar se foi deletado - POST, DELETE e GET" time="0"/>
  <testcase name="E o usuário informar &quot;status&quot; com valor igual a &quot;Aguardando&quot;" classname="Cenário: Criar, deletar o processo e validar se foi deletado - POST, DELETE e GET" time="0"/>
  <testcase name="E o usuário informar &quot;observacao&quot; com valor igual a &quot;&quot;" classname="Cenário: Criar, deletar o processo e validar se foi deletado - POST, DELETE e GET" time="0"/>
  <testcase name="Dado o usuário clicar no botão salvar" classname="Cenário: Criar, deletar o processo e validar se foi deletado - POST, DELETE e GET" time="0"/>
  <testcase name="Quando o usuário clicar em deletar" classname="Cenário: Criar, deletar o processo e validar se foi deletado - POST, DELETE e GET" time="0"/>
  <testcase name="Então o usuário deveria ver a mensagem &quot;sem conteúdo&quot;" classname="Cenário: Criar, deletar o processo e validar se foi deletado - POST, DELETE e GET" time="0"/>
  <testcase name="Quando o usuário clicar em mostrar" classname="Cenário: Criar, deletar o processo e validar se foi deletado - POST, DELETE e GET" time="0"/>
  <testcase name="Então o usuário deveria ver a mensagem &quot;não encontrado&quot;" classname="Cenário: Criar, deletar o processo e validar se foi deletado - POST, DELETE e GET" time="0"/>
  <testcase name="Cenário: Criar, deletar o processo e validar se foi deletado - POST, DELETE e GET" classname="Cenário: Criar, deletar o processo e validar se foi deletado - POST, DELETE e GET" time="0"/>
  <testcase name="Dado que o usuário gostaria de salvar seu registro" classname="| Osasco | 1234 | Guarda | Lucas x Mirella | 17/12/2020 | Aguardando | salvo com sucesso |" time="0"/>
  <testcase name="Dado que o usuário gostaria de salvar seu registro" classname="| Osasco | 1234 | Guarda | Lucas x Mirella | 17/12/2020 | Aguardando | salvo com sucesso |" time="0"/>
  <testcase name="E o usuário informar &quot;vara&quot; com valor igual a &quot;Osasco&quot;" classname="| Osasco | 1234 | Guarda | Lucas x Mirella | 17/12/2020 | Aguardando | salvo com sucesso |" time="0"/>
  <testcase name="E o usuário informar &quot;vara&quot; com valor igual a &quot;Osasco&quot;" classname="| Osasco | 1234 | Guarda | Lucas x Mirella | 17/12/2020 | Aguardando | salvo com sucesso |" time="0"/>
  <testcase name="E o usuário informar &quot;numero_processo&quot; com valor igual a &quot;12345&quot;" classname="| Osasco | 1234 | Guarda | Lucas x Mirella | 17/12/2020 | Aguardando | salvo com sucesso |" time="0"/>
  <testcase name="E o usuário informar &quot;natureza&quot; com valor igual a &quot;Guarda&quot;" classname="| Osasco | 1234 | Guarda | Lucas x Mirella | 17/12/2020 | Aguardando | salvo com sucesso |" time="0"/>
  <testcase name="E o usuário informar &quot;natureza&quot; com valor igual a &quot;Guarda&quot;" classname="| Osasco | 1234 | Guarda | Lucas x Mirella | 17/12/2020 | Aguardando | salvo com sucesso |" time="0"/>
  <testcase name="E o usuário informar &quot;partes&quot; com valor igual a &quot;Lucas x Mirella&quot;" classname="| Osasco | 1234 | Guarda | Lucas x Mirella | 17/12/2020 | Aguardando | salvo com sucesso |" time="0"/>
  <testcase name="E o usuário informar &quot;partes&quot; com valor igual a &quot;Lucas x Mirella&quot;" classname="| Osasco | 1234 | Guarda | Lucas x Mirella | 17/12/2020 | Aguardando | salvo com sucesso |" time="0"/>
  <testcase name="E o usuário informar &quot;urgente&quot; com valor igual a &quot;N&quot;" classname="| Osasco | 1234 | Guarda | Lucas x Mirella | 17/12/2020 | Aguardando | salvo com sucesso |" time="0"/>
  <testcase name="E o usuário informar &quot;urgente&quot; com valor igual a &quot;N&quot;" classname="| Osasco | 1234 | Guarda | Lucas x Mirella | 17/12/2020 | Aguardando | salvo com sucesso |" time="0"/>
  <testcase name="E o usuário informar &quot;arbitramento&quot; com valor igual a &quot;S&quot;" classname="| Osasco | 1234 | Guarda | Lucas x Mirella | 17/12/2020 | Aguardando | salvo com sucesso |" time="0"/>
  <testcase name="E o usuário informar &quot;arbitramento&quot; com valor igual a &quot;S&quot;" classname="| Osasco | 1234 | Guarda | Lucas x Mirella | 17/12/2020 | Aguardando | salvo com sucesso |" time="0"/>
  <testcase name="E o usuário informar &quot;assistente_social&quot; com valor igual a &quot;Aline&quot;" classname="| Osasco | 1234 | Guarda | Lucas x Mirella | 17/12/2020 | Aguardando | salvo com sucesso |" time="0"/>
  <testcase name="E o usuário informar &quot;data_entrada&quot; com valor igual a &quot;17/12/2020&quot;" classname="| Osasco | 1234 | Guarda | Lucas x Mirella | 17/12/2020 | Aguardando | salvo com sucesso |" time="0"/>
  <testcase name="E o usuário informar &quot;data_entrada&quot; com valor igual a &quot;17/12/2020&quot;" classname="| Osasco | 1234 | Guarda | Lucas x Mirella | 17/12/2020 | Aguardando | salvo com sucesso |" time="0"/>
  <testcase name="E o usuário informar &quot;data_saida&quot; com valor igual a &quot;&quot;" classname="| Osasco | 1234 | Guarda | Lucas x Mirella | 17/12/2020 | Aguardando | salvo com sucesso |" time="0"/>
  <testcase name="E o usuário informar &quot;data_saida&quot; com valor igual a &quot;&quot;" classname="| Osasco | 1234 | Guarda | Lucas x Mirella | 17/12/2020 | Aguardando | salvo com sucesso |" time="0"/>
  <testcase name="E o usuário informar &quot;data_agendamento&quot; com valor igual a &quot;&quot;" classname="| Osasco | 1234 | Guarda | Lucas x Mirella | 17/12/2020 | Aguardando | salvo com sucesso |" time="0"/>
  <testcase name="E o usuário informar &quot;data_agendamento&quot; com valor igual a &quot;&quot;" classname="| Osasco | 1234 | Guarda | Lucas x Mirella | 17/12/2020 | Aguardando | salvo com sucesso |" time="0.001"/>
  <testcase name="E o usuário informar &quot;status&quot; com valor igual a &quot;Aguardando&quot;" classname="| Osasco | 1234 | Guarda | Lucas x Mirella | 17/12/2020 | Aguardando | salvo com sucesso |" time="0"/>
  <testcase name="E o usuário informar &quot;status&quot; com valor igual a &quot;Aguardando&quot;" classname="| Osasco | 1234 | Guarda | Lucas x Mirella | 17/12/2020 | Aguardando | salvo com sucesso |" time="0"/>
  <testcase name="E o usuário informar &quot;observacao&quot; com valor igual a &quot;&quot;" classname="| Osasco | 1234 | Guarda | Lucas x Mirella | 17/12/2020 | Aguardando | salvo com sucesso |" time="0"/>
  <testcase name="E o usuário informar &quot;observacao&quot; com valor igual a &quot;&quot;" classname="| Osasco | 1234 | Guarda | Lucas x Mirella | 17/12/2020 | Aguardando | salvo com sucesso |" time="0"/>
  <testcase name="E o usuário informar &quot;numero_processo&quot; com valor igual a &quot;1234&quot;" classname="| Osasco | 1234 | Guarda | Lucas x Mirella | 17/12/2020 | Aguardando | salvo com sucesso |" time="0"/>
  <testcase name="E o usuário informar &quot;assistente_social&quot; com valor igual a &quot;&quot;" classname="| Osasco | 1234 | Guarda | Lucas x Mirella | 17/12/2020 | Aguardando | salvo com sucesso |" time="0"/>
  <testcase name="Quando o usuário clicar no botão salvar" classname="| Osasco | 1234 | Guarda | Lucas x Mirella | 17/12/2020 | Aguardando | salvo com sucesso |" time="0"/>
  <testcase name="Então o usuário deveria ver a mensagem &quot;salvo com sucesso&quot;" classname="| Osasco | 1234 | Guarda | Lucas x Mirella | 17/12/2020 | Aguardando | salvo com sucesso |" time="0"/>
  <testcase name="| Osasco | 1234 | Guarda | Lucas x Mirella | 17/12/2020 | Aguardando | salvo com sucesso |" classname="| Osasco | 1234 | Guarda | Lucas x Mirella | 17/12/2020 | Aguardando | salvo com sucesso |" time="0.001"/>
  <testcase name="Dado que o usuário gostaria de salvar seu registro" classname="|  |  |  |  |  |  | entidade não processada |" time="0"/>
  <testcase name="Dado que o usuário gostaria de salvar seu registro" classname="|  |  |  |  |  |  | entidade não processada |" time="0"/>
  <testcase name="E o usuário informar &quot;vara&quot; com valor igual a &quot;Osasco&quot;" classname="|  |  |  |  |  |  | entidade não processada |" time="0.001"/>
  <testcase name="E o usuário informar &quot;numero_processo&quot; com valor igual a &quot;12345&quot;" classname="|  |  |  |  |  |  | entidade não processada |" time="0"/>
  <testcase name="E o usuário informar &quot;natureza&quot; com valor igual a &quot;Guarda&quot;" classname="|  |  |  |  |  |  | entidade não processada |" time="0"/>
  <testcase name="E o usuário informar &quot;partes&quot; com valor igual a &quot;Lucas x Mirella&quot;" classname="|  |  |  |  |  |  | entidade não processada |" time="0"/>
  <testcase name="E o usuário informar &quot;urgente&quot; com valor igual a &quot;N&quot;" classname="|  |  |  |  |  |  | entidade não processada |" time="0"/>
  <testcase name="E o usuário informar &quot;urgente&quot; com valor igual a &quot;N&quot;" classname="|  |  |  |  |  |  | entidade não processada |" time="0"/>
  <testcase name="E o usuário informar &quot;arbitramento&quot; com valor igual a &quot;S&quot;" classname="|  |  |  |  |  |  | entidade não processada |" time="0"/>
  <testcase name="E o usuário informar &quot;arbitramento&quot; com valor igual a &quot;S&quot;" classname="|  |  |  |  |  |  | entidade não processada |" time="0"/>
  <testcase name="E o usuário informar &quot;assistente_social&quot; com valor igual a &quot;Aline&quot;" classname="|  |  |  |  |  |  | entidade não processada |" time="0"/>
  <testcase name="E o usuário informar &quot;data_entrada&quot; com valor igual a &quot;17/12/2020&quot;" classname="|  |  |  |  |  |  | entidade não processada |" time="0"/>
  <testcase name="E o usuário informar &quot;data_saida&quot; com valor igual a &quot;&quot;" classname="|  |  |  |  |  |  | entidade não processada |" time="0"/>
  <testcase name="E o usuário informar &quot;data_saida&quot; com valor igual a &quot;&quot;" classname="|  |  |  |  |  |  | entidade não processada |" time="0"/>
  <testcase name="E o usuário informar &quot;data_agendamento&quot; com valor igual a &quot;&quot;" classname="|  |  |  |  |  |  | entidade não processada |" time="0"/>
  <testcase name="E o usuário informar &quot;data_agendamento&quot; com valor igual a &quot;&quot;" classname="|  |  |  |  |  |  | entidade não processada |" time="0"/>
  <testcase name="E o usuário informar &quot;status&quot; com valor igual a &quot;Aguardando&quot;" classname="|  |  |  |  |  |  | entidade não processada |" time="0"/>
  <testcase name="E o usuário informar &quot;observacao&quot; com valor igual a &quot;&quot;" classname="|  |  |  |  |  |  | entidade não processada |" time="0"/>
  <testcase name="E o usuário informar &quot;observacao&quot; com valor igual a &quot;&quot;" classname="|  |  |  |  |  |  | entidade não processada |" time="0"/>
  <testcase name="E o usuário informar &quot;vara&quot; com valor igual a &quot;&quot;" classname="|  |  |  |  |  |  | entidade não processada |" time="0"/>
  <testcase name="E o usuário informar &quot;numero_processo&quot; com valor igual a &quot;&quot;" classname="|  |  |  |  |  |  | entidade não processada |" time="0"/>
  <testcase name="E o usuário informar &quot;natureza&quot; com valor igual a &quot;&quot;" classname="|  |  |  |  |  |  | entidade não processada |" time="0"/>
  <testcase name="E o usuário informar &quot;partes&quot; com valor igual a &quot;&quot;" classname="|  |  |  |  |  |  | entidade não processada |" time="0"/>
  <testcase name="E o usuário informar &quot;assistente_social&quot; com valor igual a &quot;&quot;" classname="|  |  |  |  |  |  | entidade não processada |" time="0"/>
  <testcase name="E o usuário informar &quot;data_entrada&quot; com valor igual a &quot;&quot;" classname="|  |  |  |  |  |  | entidade não processada |" time="0"/>
  <testcase name="E o usuário informar &quot;status&quot; com valor igual a &quot;&quot;" classname="|  |  |  |  |  |  | entidade não processada |" time="0"/>
  <testcase name="Quando o usuário clicar no botão salvar" classname="|  |  |  |  |  |  | entidade não processada |" time="0"/>
  <testcase name="Então o usuário deveria ver a mensagem &quot;entidade não processada&quot;" classname="|  |  |  |  |  |  | entidade não processada |" time="0"/>
  <testcase name="|  |  |  |  |  |  | entidade não processada |" classname="|  |  |  |  |  |  | entidade não processada |" time="0.001"/>
  <testcase name="Dado que o usuário gostaria de salvar seu registro" classname="| Osasco | 1234 | Guarda | Lucas x Mirella | 17/12/2020 |  | entidade não processada |" time="0"/>
  <testcase name="Dado que o usuário gostaria de salvar seu registro" classname="| Osasco | 1234 | Guarda | Lucas x Mirella | 17/12/2020 |  | entidade não processada |" time="0"/>
  <testcase name="E o usuário informar &quot;vara&quot; com valor igual a &quot;Osasco&quot;" classname="| Osasco | 1234 | Guarda | Lucas x Mirella | 17/12/2020 |  | entidade não processada |" time="0"/>
  <testcase name="E o usuário informar &quot;vara&quot; com valor igual a &quot;Osasco&quot;" classname="| Osasco | 1234 | Guarda | Lucas x Mirella | 17/12/2020 |  | entidade não processada |" time="0"/>
  <testcase name="E o usuário informar &quot;numero_processo&quot; com valor igual a &quot;12345&quot;" classname="| Osasco | 1234 | Guarda | Lucas x Mirella | 17/12/2020 |  | entidade não processada |" time="0"/>
  <testcase name="E o usuário informar &quot;natureza&quot; com valor igual a &quot;Guarda&quot;" classname="| Osasco | 1234 | Guarda | Lucas x Mirella | 17/12/2020 |  | entidade não processada |" time="0"/>
  <testcase name="E o usuário informar &quot;natureza&quot; com valor igual a &quot;Guarda&quot;" classname="| Osasco | 1234 | Guarda | Lucas x Mirella | 17/12/2020 |  | entidade não processada |" time="0"/>
  <testcase name="E o usuário informar &quot;partes&quot; com valor igual a &quot;Lucas x Mirella&quot;" classname="| Osasco | 1234 | Guarda | Lucas x Mirella | 17/12/2020 |  | entidade não processada |" time="0"/>
  <testcase name="E o usuário informar &quot;partes&quot; com valor igual a &quot;Lucas x Mirella&quot;" classname="| Osasco | 1234 | Guarda | Lucas x Mirella | 17/12/2020 |  | entidade não processada |" time="0"/>
  <testcase name="E o usuário informar &quot;urgente&quot; com valor igual a &quot;N&quot;" classname="| Osasco | 1234 | Guarda | Lucas x Mirella | 17/12/2020 |  | entidade não processada |" time="0"/>
  <testcase name="E o usuário informar &quot;urgente&quot; com valor igual a &quot;N&quot;" classname="| Osasco | 1234 | Guarda | Lucas x Mirella | 17/12/2020 |  | entidade não processada |" time="0"/>
  <testcase name="E o usuário informar &quot;arbitramento&quot; com valor igual a &quot;S&quot;" classname="| Osasco | 1234 | Guarda | Lucas x Mirella | 17/12/2020 |  | entidade não processada |" time="0"/>
  <testcase name="E o usuário informar &quot;arbitramento&quot; com valor igual a &quot;S&quot;" classname="| Osasco | 1234 | Guarda | Lucas x Mirella | 17/12/2020 |  | entidade não processada |" time="0"/>
  <testcase name="E o usuário informar &quot;assistente_social&quot; com valor igual a &quot;Aline&quot;" classname="| Osasco | 1234 | Guarda | Lucas x Mirella | 17/12/2020 |  | entidade não processada |" time="0"/>
  <testcase name="E o usuário informar &quot;data_entrada&quot; com valor igual a &quot;17/12/2020&quot;" classname="| Osasco | 1234 | Guarda | Lucas x Mirella | 17/12/2020 |  | entidade não processada |" time="0"/>
  <testcase name="E o usuário informar &quot;data_entrada&quot; com valor igual a &quot;17/12/2020&quot;" classname="| Osasco | 1234 | Guarda | Lucas x Mirella | 17/12/2020 |  | entidade não processada |" time="0"/>
  <testcase name="E o usuário informar &quot;data_saida&quot; com valor igual a &quot;&quot;" classname="| Osasco | 1234 | Guarda | Lucas x Mirella | 17/12/2020 |  | entidade não processada |" time="0"/>
  <testcase name="E o usuário informar &quot;data_saida&quot; com valor igual a &quot;&quot;" classname="| Osasco | 1234 | Guarda | Lucas x Mirella | 17/12/2020 |  | entidade não processada |" time="0"/>
  <testcase name="E o usuário informar &quot;data_agendamento&quot; com valor igual a &quot;&quot;" classname="| Osasco | 1234 | Guarda | Lucas x Mirella | 17/12/2020 |  | entidade não processada |" time="0.001"/>
  <testcase name="E o usuário informar &quot;data_agendamento&quot; com valor igual a &quot;&quot;" classname="| Osasco | 1234 | Guarda | Lucas x Mirella | 17/12/2020 |  | entidade não processada |" time="0"/>
  <testcase name="E o usuário informar &quot;status&quot; com valor igual a &quot;Aguardando&quot;" classname="| Osasco | 1234 | Guarda | Lucas x Mirella | 17/12/2020 |  | entidade não processada |" time="0"/>
  <testcase name="E o usuário informar &quot;observacao&quot; com valor igual a &quot;&quot;" classname="| Osasco | 1234 | Guarda | Lucas x Mirella | 17/12/2020 |  | entidade não processada |" time="0"/>
  <testcase name="E o usuário informar &quot;observacao&quot; com valor igual a &quot;&quot;" classname="| Osasco | 1234 | Guarda | Lucas x Mirella | 17/12/2020 |  | entidade não processada |" time="0"/>
  <testcase name="E o usuário informar &quot;numero_processo&quot; com valor igual a &quot;1234&quot;" classname="| Osasco | 1234 | Guarda | Lucas x Mirella | 17/12/2020 |  | entidade não processada |" time="0"/>
  <testcase name="E o usuário informar &quot;assistente_social&quot; com valor igual a &quot;&quot;" classname="| Osasco | 1234 | Guarda | Lucas x Mirella | 17/12/2020 |  | entidade não processada |" time="0"/>
  <testcase name="E o usuário informar &quot;status&quot; com valor igual a &quot;&quot;" classname="| Osasco | 1234 | Guarda | Lucas x Mirella | 17/12/2020 |  | entidade não processada |" time="0.001"/>
  <testcase name="Quando o usuário clicar no botão salvar" classname="| Osasco | 1234 | Guarda | Lucas x Mirella | 17/12/2020 |  | entidade não processada |" time="0"/>
  <testcase name="Então o usuário deveria ver a mensagem &quot;entidade não processada&quot;" classname="| Osasco | 1234 | Guarda | Lucas x Mirella | 17/12/2020 |  | entidade não processada |" time="0"/>
  <testcase name="| Osasco | 1234 | Guarda | Lucas x Mirella | 17/12/2020 |  | entidade não processada |" classname="| Osasco | 1234 | Guarda | Lucas x Mirella | 17/12/2020 |  | entidade não processada |" time="0.001"/>
  <testcase name="Dado que o usuário gostaria de salvar seu registro" classname="| Osasco | 1234 | Guarda | Lucas x Mirella |  | Aguardando | entidade não processada |" time="0"/>
  <testcase name="Dado que o usuário gostaria de salvar seu registro" classname="| Osasco | 1234 | Guarda | Lucas x Mirella |  | Aguardando | entidade não processada |" time="0"/>
  <testcase name="E o usuário informar &quot;vara&quot; com valor igual a &quot;Osasco&quot;" classname="| Osasco | 1234 | Guarda | Lucas x Mirella |  | Aguardando | entidade não processada |" time="0"/>
  <testcase name="E o usuário informar &quot;vara&quot; com valor igual a &quot;Osasco&quot;" classname="| Osasco | 1234 | Guarda | Lucas x Mirella |  | Aguardando | entidade não processada |" time="0"/>
  <testcase name="E o usuário informar &quot;numero_processo&quot; com valor igual a &quot;12345&quot;" classname="| Osasco | 1234 | Guarda | Lucas x Mirella |  | Aguardando | entidade não processada |" time="0"/>
  <testcase name="E o usuário informar &quot;natureza&quot; com valor igual a &quot;Guarda&quot;" classname="| Osasco | 1234 | Guarda | Lucas x Mirella |  | Aguardando | entidade não processada |" time="0"/>
  <testcase name="E o usuário informar &quot;natureza&quot; com valor igual a &quot;Guarda&quot;" classname="| Osasco | 1234 | Guarda | Lucas x Mirella |  | Aguardando | entidade não processada |" time="0"/>
  <testcase name="E o usuário informar &quot;partes&quot; com valor igual a &quot;Lucas x Mirella&quot;" classname="| Osasco | 1234 | Guarda | Lucas x Mirella |  | Aguardando | entidade não processada |" time="0"/>
  <testcase name="E o usuário informar &quot;partes&quot; com valor igual a &quot;Lucas x Mirella&quot;" classname="| Osasco | 1234 | Guarda | Lucas x Mirella |  | Aguardando | entidade não processada |" time="0"/>
  <testcase name="E o usuário informar &quot;urgente&quot; com valor igual a &quot;N&quot;" classname="| Osasco | 1234 | Guarda | Lucas x Mirella |  | Aguardando | entidade não processada |" time="0"/>
  <testcase name="E o usuário informar &quot;urgente&quot; com valor igual a &quot;N&quot;" classname="| Osasco | 1234 | Guarda | Lucas x Mirella |  | Aguardando | entidade não processada |" time="0"/>
  <testcase name="E o usuário informar &quot;arbitramento&quot; com valor igual a &quot;S&quot;" classname="| Osasco | 1234 | Guarda | Lucas x Mirella |  | Aguardando | entidade não processada |" time="0"/>
  <testcase name="E o usuário informar &quot;arbitramento&quot; com valor igual a &quot;S&quot;" classname="| Osasco | 1234 | Guarda | Lucas x Mirella |  | Aguardando | entidade não processada |" time="0.001"/>
  <testcase name="E o usuário informar &quot;assistente_social&quot; com valor igual a &quot;Aline&quot;" classname="| Osasco | 1234 | Guarda | Lucas x Mirella |  | Aguardando | entidade não processada |" time="0"/>
  <testcase name="E o usuário informar &quot;data_entrada&quot; com valor igual a &quot;17/12/2020&quot;" classname="| Osasco | 1234 | Guarda | Lucas x Mirella |  | Aguardando | entidade não processada |" time="0"/>
  <testcase name="E o usuário informar &quot;data_saida&quot; com valor igual a &quot;&quot;" classname="| Osasco | 1234 | Guarda | Lucas x Mirella |  | Aguardando | entidade não processada |" time="0.001"/>
  <testcase name="E o usuário informar &quot;data_saida&quot; com valor igual a &quot;&quot;" classname="| Osasco | 1234 | Guarda | Lucas x Mirella |  | Aguardando | entidade não processada |" time="0"/>
  <testcase name="E o usuário informar &quot;data_agendamento&quot; com valor igual a &quot;&quot;" classname="| Osasco | 1234 | Guarda | Lucas x Mirella |  | Aguardando | entidade não processada |" time="0"/>
  <testcase name="E o usuário informar &quot;data_agendamento&quot; com valor igual a &quot;&quot;" classname="| Osasco | 1234 | Guarda | Lucas x Mirella |  | Aguardando | entidade não processada |" time="0"/>
  <testcase name="E o usuário informar &quot;status&quot; com valor igual a &quot;Aguardando&quot;" classname="| Osasco | 1234 | Guarda | Lucas x Mirella |  | Aguardando | entidade não processada |" time="0"/>
  <testcase name="E o usuário informar &quot;status&quot; com valor igual a &quot;Aguardando&quot;" classname="| Osasco | 1234 | Guarda | Lucas x Mirella |  | Aguardando | entidade não processada |" time="0"/>
  <testcase name="E o usuário informar &quot;observacao&quot; com valor igual a &quot;&quot;" classname="| Osasco | 1234 | Guarda | Lucas x Mirella |  | Aguardando | entidade não processada |" time="0"/>
  <testcase name="E o usuário informar &quot;observacao&quot; com valor igual a &quot;&quot;" classname="| Osasco | 1234 | Guarda | Lucas x Mirella |  | Aguardando | entidade não processada |" time="0"/>
  <testcase name="E o usuário informar &quot;numero_processo&quot; com valor igual a &quot;1234&quot;" classname="| Osasco | 1234 | Guarda | Lucas x Mirella |  | Aguardando | entidade não processada |" time="0"/>
  <testcase name="E o usuário informar &quot;assistente_social&quot; com valor igual a &quot;&quot;" classname="| Osasco | 1234 | Guarda | Lucas x Mirella |  | Aguardando | entidade não processada |" time="0"/>
  <testcase name="E o usuário informar &quot;data_entrada&quot; com valor igual a &quot;&quot;" classname="| Osasco | 1234 | Guarda | Lucas x Mirella |  | Aguardando | entidade não processada |" time="0.001"/>
  <testcase name="Quando o usuário clicar no botão salvar" classname="| Osasco | 1234 | Guarda | Lucas x Mirella |  | Aguardando | entidade não processada |" time="0"/>
  <testcase name="Então o usuário deveria ver a mensagem &quot;entidade não processada&quot;" classname="| Osasco | 1234 | Guarda | Lucas x Mirella |  | Aguardando | entidade não processada |" time="0"/>
  <testcase name="| Osasco | 1234 | Guarda | Lucas x Mirella |  | Aguardando | entidade não processada |" classname="| Osasco | 1234 | Guarda | Lucas x Mirella |  | Aguardando | entidade não processada |" time="0"/>
  <testcase name="Dado que o usuário gostaria de salvar seu registro" classname="| Osasco | 1234 | Guarda |  | 17/12/2020 | Aguardando | entidade não processada |" time="0"/>
  <testcase name="Dado que o usuário gostaria de salvar seu registro" classname="| Osasco | 1234 | Guarda |  | 17/12/2020 | Aguardando | entidade não processada |" time="0"/>
  <testcase name="E o usuário informar &quot;vara&quot; com valor igual a &quot;Osasco&quot;" classname="| Osasco | 1234 | Guarda |  | 17/12/2020 | Aguardando | entidade não processada |" time="0"/>
  <testcase name="E o usuário informar &quot;vara&quot; com valor igual a &quot;Osasco&quot;" classname="| Osasco | 1234 | Guarda |  | 17/12/2020 | Aguardando | entidade não processada |" time="0"/>
  <testcase name="E o usuário informar &quot;numero_processo&quot; com valor igual a &quot;12345&quot;" classname="| Osasco | 1234 | Guarda |  | 17/12/2020 | Aguardando | entidade não processada |" time="0"/>
  <testcase name="E o usuário informar &quot;natureza&quot; com valor igual a &quot;Guarda&quot;" classname="| Osasco | 1234 | Guarda |  | 17/12/2020 | Aguardando | entidade não processada |" time="0"/>
  <testcase name="E o usuário informar &quot;natureza&quot; com valor igual a &quot;Guarda&quot;" classname="| Osasco | 1234 | Guarda |  | 17/12/2020 | Aguardando | entidade não processada |" time="0"/>
  <testcase name="E o usuário informar &quot;partes&quot; com valor igual a &quot;Lucas x Mirella&quot;" classname="| Osasco | 1234 | Guarda |  | 17/12/2020 | Aguardando | entidade não processada |" time="0"/>
  <testcase name="E o usuário informar &quot;urgente&quot; com valor igual a &quot;N&quot;" classname="| Osasco | 1234 | Guarda |  | 17/12/2020 | Aguardando | entidade não processada |" time="0"/>
  <testcase name="E o usuário informar &quot;urgente&quot; com valor igual a &quot;N&quot;" classname="| Osasco | 1234 | Guarda |  | 17/12/2020 | Aguardando | entidade não processada |" time="0"/>
  <testcase name="E o usuário informar &quot;arbitramento&quot; com valor igual a &quot;S&quot;" classname="| Osasco | 1234 | Guarda |  | 17/12/2020 | Aguardando | entidade não processada |" time="0"/>
  <testcase name="E o usuário informar &quot;arbitramento&quot; com valor igual a &quot;S&quot;" classname="| Osasco | 1234 | Guarda |  | 17/12/2020 | Aguardando | entidade não processada |" time="0"/>
  <testcase name="E o usuário informar &quot;assistente_social&quot; com valor igual a &quot;Aline&quot;" classname="| Osasco | 1234 | Guarda |  | 17/12/2020 | Aguardando | entidade não processada |" time="0"/>
  <testcase name="E o usuário informar &quot;data_entrada&quot; com valor igual a &quot;17/12/2020&quot;" classname="| Osasco | 1234 | Guarda |  | 17/12/2020 | Aguardando | entidade não processada |" time="0"/>
  <testcase name="E o usuário informar &quot;data_entrada&quot; com valor igual a &quot;17/12/2020&quot;" classname="| Osasco | 1234 | Guarda |  | 17/12/2020 | Aguardando | entidade não processada |" time="0"/>
  <testcase name="E o usuário informar &quot;data_saida&quot; com valor igual a &quot;&quot;" classname="| Osasco | 1234 | Guarda |  | 17/12/2020 | Aguardando | entidade não processada |" time="0"/>
  <testcase name="E o usuário informar &quot;data_saida&quot; com valor igual a &quot;&quot;" classname="| Osasco | 1234 | Guarda |  | 17/12/2020 | Aguardando | entidade não processada |" time="0"/>
  <testcase name="E o usuário informar &quot;data_agendamento&quot; com valor igual a &quot;&quot;" classname="| Osasco | 1234 | Guarda |  | 17/12/2020 | Aguardando | entidade não processada |" time="0"/>
  <testcase name="E o usuário informar &quot;data_agendamento&quot; com valor igual a &quot;&quot;" classname="| Osasco | 1234 | Guarda |  | 17/12/2020 | Aguardando | entidade não processada |" time="0"/>
  <testcase name="E o usuário informar &quot;status&quot; com valor igual a &quot;Aguardando&quot;" classname="| Osasco | 1234 | Guarda |  | 17/12/2020 | Aguardando | entidade não processada |" time="0"/>
  <testcase name="E o usuário informar &quot;status&quot; com valor igual a &quot;Aguardando&quot;" classname="| Osasco | 1234 | Guarda |  | 17/12/2020 | Aguardando | entidade não processada |" time="0"/>
  <testcase name="E o usuário informar &quot;observacao&quot; com valor igual a &quot;&quot;" classname="| Osasco | 1234 | Guarda |  | 17/12/2020 | Aguardando | entidade não processada |" time="0"/>
  <testcase name="E o usuário informar &quot;observacao&quot; com valor igual a &quot;&quot;" classname="| Osasco | 1234 | Guarda |  | 17/12/2020 | Aguardando | entidade não processada |" time="0"/>
  <testcase name="E o usuário informar &quot;numero_processo&quot; com valor igual a &quot;1234&quot;" classname="| Osasco | 1234 | Guarda |  | 17/12/2020 | Aguardando | entidade não processada |" time="0"/>
  <testcase name="E o usuário informar &quot;partes&quot; com valor igual a &quot;&quot;" classname="| Osasco | 1234 | Guarda |  | 17/12/2020 | Aguardando | entidade não processada |" time="0"/>
  <testcase name="E o usuário informar &quot;assistente_social&quot; com valor igual a &quot;&quot;" classname="| Osasco | 1234 | Guarda |  | 17/12/2020 | Aguardando | entidade não processada |" time="0"/>
  <testcase name="Quando o usuário clicar no botão salvar" classname="| Osasco | 1234 | Guarda |  | 17/12/2020 | Aguardando | entidade não processada |" time="0"/>
  <testcase name="Então o usuário deveria ver a mensagem &quot;entidade não processada&quot;" classname="| Osasco | 1234 | Guarda |  | 17/12/2020 | Aguardando | entidade não processada |" time="0"/>
  <testcase name="| Osasco | 1234 | Guarda |  | 17/12/2020 | Aguardando | entidade não processada |" classname="| Osasco | 1234 | Guarda |  | 17/12/2020 | Aguardando | entidade não processada |" time="0.001"/>
  <testcase name="Dado que o usuário gostaria de salvar seu registro" classname="| Osasco | 1234 |  | Lucas x Mirella | 17/12/2020 | Aguardando | entidade não processada |" time="0"/>
  <testcase name="Dado que o usuário gostaria de salvar seu registro" classname="| Osasco | 1234 |  | Lucas x Mirella | 17/12/2020 | Aguardando | entidade não processada |" time="0"/>
  <testcase name="E o usuário informar &quot;vara&quot; com valor igual a &quot;Osasco&quot;" classname="| Osasco | 1234 |  | Lucas x Mirella | 17/12/2020 | Aguardando | entidade não processada |" time="0"/>
  <testcase name="E o usuário informar &quot;vara&quot; com valor igual a &quot;Osasco&quot;" classname="| Osasco | 1234 |  | Lucas x Mirella | 17/12/2020 | Aguardando | entidade não processada |" time="0"/>
  <testcase name="E o usuário informar &quot;numero_processo&quot; com valor igual a &quot;12345&quot;" classname="| Osasco | 1234 |  | Lucas x Mirella | 17/12/2020 | Aguardando | entidade não processada |" time="0"/>
  <testcase name="E o usuário informar &quot;natureza&quot; com valor igual a &quot;Guarda&quot;" classname="| Osasco | 1234 |  | Lucas x Mirella | 17/12/2020 | Aguardando | entidade não processada |" time="0"/>
  <testcase name="E o usuário informar &quot;partes&quot; com valor igual a &quot;Lucas x Mirella&quot;" classname="| Osasco | 1234 |  | Lucas x Mirella | 17/12/2020 | Aguardando | entidade não processada |" time="0"/>
  <testcase name="E o usuário informar &quot;partes&quot; com valor igual a &quot;Lucas x Mirella&quot;" classname="| Osasco | 1234 |  | Lucas x Mirella | 17/12/2020 | Aguardando | entidade não processada |" time="0"/>
  <testcase name="E o usuário informar &quot;urgente&quot; com valor igual a &quot;N&quot;" classname="| Osasco | 1234 |  | Lucas x Mirella | 17/12/2020 | Aguardando | entidade não processada |" time="0"/>
  <testcase name="E o usuário informar &quot;urgente&quot; com valor igual a &quot;N&quot;" classname="| Osasco | 1234 |  | Lucas x Mirella | 17/12/2020 | Aguardando | entidade não processada |" time="0"/>
  <testcase name="E o usuário informar &quot;arbitramento&quot; com valor igual a &quot;S&quot;" classname="| Osasco | 1234 |  | Lucas x Mirella | 17/12/2020 | Aguardando | entidade não processada |" time="0"/>
  <testcase name="E o usuário informar &quot;arbitramento&quot; com valor igual a &quot;S&quot;" classname="| Osasco | 1234 |  | Lucas x Mirella | 17/12/2020 | Aguardando | entidade não processada |" time="0"/>
  <testcase name="E o usuário informar &quot;assistente_social&quot; com valor igual a &quot;Aline&quot;" classname="| Osasco | 1234 |  | Lucas x Mirella | 17/12/2020 | Aguardando | entidade não processada |" time="0.001"/>
  <testcase name="E o usuário informar &quot;data_entrada&quot; com valor igual a &quot;17/12/2020&quot;" classname="| Osasco | 1234 |  | Lucas x Mirella | 17/12/2020 | Aguardando | entidade não processada |" time="0"/>
  <testcase name="E o usuário informar &quot;data_entrada&quot; com valor igual a &quot;17/12/2020&quot;" classname="| Osasco | 1234 |  | Lucas x Mirella | 17/12/2020 | Aguardando | entidade não processada |" time="0"/>
  <testcase name="E o usuário informar &quot;data_saida&quot; com valor igual a &quot;&quot;" classname="| Osasco | 1234 |  | Lucas x Mirella | 17/12/2020 | Aguardando | entidade não processada |" time="0"/>
  <testcase name="E o usuário informar &quot;data_saida&quot; com valor igual a &quot;&quot;" classname="| Osasco | 1234 |  | Lucas x Mirella | 17/12/2020 | Aguardando | entidade não processada |" time="0"/>
  <testcase name="E o usuário informar &quot;data_agendamento&quot; com valor igual a &quot;&quot;" classname="| Osasco | 1234 |  | Lucas x Mirella | 17/12/2020 | Aguardando | entidade não processada |" time="0"/>
  <testcase name="E o usuário informar &quot;data_agendamento&quot; com valor igual a &quot;&quot;" classname="| Osasco | 1234 |  | Lucas x Mirella | 17/12/2020 | Aguardando | entidade não processada |" time="0"/>
  <testcase name="E o usuário informar &quot;status&quot; com valor igual a &quot;Aguardando&quot;" classname="| Osasco | 1234 |  | Lucas x Mirella | 17/12/2020 | Aguardando | entidade não processada |" time="0"/>
  <testcase name="E o usuário informar &quot;status&quot; com valor igual a &quot;Aguardando&quot;" classname="| Osasco | 1234 |  | Lucas x Mirella | 17/12/2020 | Aguardando | entidade não processada |" time="0"/>
  <testcase name="E o usuário informar &quot;observacao&quot; com valor igual a &quot;&quot;" classname="| Osasco | 1234 |  | Lucas x Mirella | 17/12/2020 | Aguardando | entidade não processada |" time="0"/>
  <testcase name="E o usuário informar &quot;observacao&quot; com valor igual a &quot;&quot;" classname="| Osasco | 1234 |  | Lucas x Mirella | 17/12/2020 | Aguardando | entidade não processada |" time="0"/>
  <testcase name="E o usuário informar &quot;numero_processo&quot; com valor igual a &quot;1234&quot;" classname="| Osasco | 1234 |  | Lucas x Mirella | 17/12/2020 | Aguardando | entidade não processada |" time="0"/>
  <testcase name="E o usuário informar &quot;natureza&quot; com valor igual a &quot;&quot;" classname="| Osasco | 1234 |  | Lucas x Mirella | 17/12/2020 | Aguardando | entidade não processada |" time="0"/>
  <testcase name="E o usuário informar &quot;assistente_social&quot; com valor igual a &quot;&quot;" classname="| Osasco | 1234 |  | Lucas x Mirella | 17/12/2020 | Aguardando | entidade não processada |" time="0"/>
  <testcase name="Quando o usuário clicar no botão salvar" classname="| Osasco | 1234 |  | Lucas x Mirella | 17/12/2020 | Aguardando | entidade não processada |" time="0"/>
  <testcase name="Então o usuário deveria ver a mensagem &quot;entidade não processada&quot;" classname="| Osasco | 1234 |  | Lucas x Mirella | 17/12/2020 | Aguardando | entidade não processada |" time="0"/>
  <testcase name="| Osasco | 1234 |  | Lucas x Mirella | 17/12/2020 | Aguardando | entidade não processada |" classname="| Osasco | 1234 |  | Lucas x Mirella | 17/12/2020 | Aguardando | entidade não processada |" time="0.002"/>
  <testcase name="Dado que o usuário gostaria de salvar seu registro" classname="| Osasco |  | Guarda | Lucas x Mirella | 17/12/2020 | Aguardando | entidade não processada |" time="0"/>
  <testcase name="Dado que o usuário gostaria de salvar seu registro" classname="| Osasco |  | Guarda | Lucas x Mirella | 17/12/2020 | Aguardando | entidade não processada |" time="0"/>
  <testcase name="E o usuário informar &quot;vara&quot; com valor igual a &quot;Osasco&quot;" classname="| Osasco |  | Guarda | Lucas x Mirella | 17/12/2020 | Aguardando | entidade não processada |" time="0"/>
  <testcase name="E o usuário informar &quot;vara&quot; com valor igual a &quot;Osasco&quot;" classname="| Osasco |  | Guarda | Lucas x Mirella | 17/12/2020 | Aguardando | entidade não processada |" time="0"/>
  <testcase name="E o usuário informar &quot;numero_processo&quot; com valor igual a &quot;12345&quot;" classname="| Osasco |  | Guarda | Lucas x Mirella | 17/12/2020 | Aguardando | entidade não processada |" time="0"/>
  <testcase name="E o usuário informar &quot;natureza&quot; com valor igual a &quot;Guarda&quot;" classname="| Osasco |  | Guarda | Lucas x Mirella | 17/12/2020 | Aguardando | entidade não processada |" time="0"/>
  <testcase name="E o usuário informar &quot;natureza&quot; com valor igual a &quot;Guarda&quot;" classname="| Osasco |  | Guarda | Lucas x Mirella | 17/12/2020 | Aguardando | entidade não processada |" time="0"/>
  <testcase name="E o usuário informar &quot;partes&quot; com valor igual a &quot;Lucas x Mirella&quot;" classname="| Osasco |  | Guarda | Lucas x Mirella | 17/12/2020 | Aguardando | entidade não processada |" time="0"/>
  <testcase name="E o usuário informar &quot;partes&quot; com valor igual a &quot;Lucas x Mirella&quot;" classname="| Osasco |  | Guarda | Lucas x Mirella | 17/12/2020 | Aguardando | entidade não processada |" time="0"/>
  <testcase name="E o usuário informar &quot;urgente&quot; com valor igual a &quot;N&quot;" classname="| Osasco |  | Guarda | Lucas x Mirella | 17/12/2020 | Aguardando | entidade não processada |" time="0"/>
  <testcase name="E o usuário informar &quot;urgente&quot; com valor igual a &quot;N&quot;" classname="| Osasco |  | Guarda | Lucas x Mirella | 17/12/2020 | Aguardando | entidade não processada |" time="0"/>
  <testcase name="E o usuário informar &quot;arbitramento&quot; com valor igual a &quot;S&quot;" classname="| Osasco |  | Guarda | Lucas x Mirella | 17/12/2020 | Aguardando | entidade não processada |" time="0"/>
  <testcase name="E o usuário informar &quot;arbitramento&quot; com valor igual a &quot;S&quot;" classname="| Osasco |  | Guarda | Lucas x Mirella | 17/12/2020 | Aguardando | entidade não processada |" time="0"/>
  <testcase name="E o usuário informar &quot;assistente_social&quot; com valor igual a &quot;Aline&quot;" classname="| Osasco |  | Guarda | Lucas x Mirella | 17/12/2020 | Aguardando | entidade não processada |" time="0"/>
  <testcase name="E o usuário informar &quot;data_entrada&quot; com valor igual a &quot;17/12/2020&quot;" classname="| Osasco |  | Guarda | Lucas x Mirella | 17/12/2020 | Aguardando | entidade não processada |" time="0"/>
  <testcase name="E o usuário informar &quot;data_entrada&quot; com valor igual a &quot;17/12/2020&quot;" classname="| Osasco |  | Guarda | Lucas x Mirella | 17/12/2020 | Aguardando | entidade não processada |" time="0"/>
  <testcase name="E o usuário informar &quot;data_saida&quot; com valor igual a &quot;&quot;" classname="| Osasco |  | Guarda | Lucas x Mirella | 17/12/2020 | Aguardando | entidade não processada |" time="0"/>
  <testcase name="E o usuário informar &quot;data_saida&quot; com valor igual a &quot;&quot;" classname="| Osasco |  | Guarda | Lucas x Mirella | 17/12/2020 | Aguardando | entidade não processada |" time="0"/>
  <testcase name="E o usuário informar &quot;data_agendamento&quot; com valor igual a &quot;&quot;" classname="| Osasco |  | Guarda | Lucas x Mirella | 17/12/2020 | Aguardando | entidade não processada |" time="0"/>
  <testcase name="E o usuário informar &quot;data_agendamento&quot; com valor igual a &quot;&quot;" classname="| Osasco |  | Guarda | Lucas x Mirella | 17/12/2020 | Aguardando | entidade não processada |" time="0"/>
  <testcase name="E o usuário informar &quot;status&quot; com valor igual a &quot;Aguardando&quot;" classname="| Osasco |  | Guarda | Lucas x Mirella | 17/12/2020 | Aguardando | entidade não processada |" time="0"/>
  <testcase name="E o usuário informar &quot;status&quot; com valor igual a &quot;Aguardando&quot;" classname="| Osasco |  | Guarda | Lucas x Mirella | 17/12/2020 | Aguardando | entidade não processada |" time="0"/>
  <testcase name="E o usuário informar &quot;observacao&quot; com valor igual a &quot;&quot;" classname="| Osasco |  | Guarda | Lucas x Mirella | 17/12/2020 | Aguardando | entidade não processada |" time="0"/>
  <testcase name="E o usuário informar &quot;observacao&quot; com valor igual a &quot;&quot;" classname="| Osasco |  | Guarda | Lucas x Mirella | 17/12/2020 | Aguardando | entidade não processada |" time="0"/>
  <testcase name="E o usuário informar &quot;numero_processo&quot; com valor igual a &quot;&quot;" classname="| Osasco |  | Guarda | Lucas x Mirella | 17/12/2020 | Aguardando | entidade não processada |" time="0"/>
  <testcase name="E o usuário informar &quot;assistente_social&quot; com valor igual a &quot;&quot;" classname="| Osasco |  | Guarda | Lucas x Mirella | 17/12/2020 | Aguardando | entidade não processada |" time="0"/>
  <testcase name="Quando o usuário clicar no botão salvar" classname="| Osasco |  | Guarda | Lucas x Mirella | 17/12/2020 | Aguardando | entidade não processada |" time="0"/>
  <testcase name="Então o usuário deveria ver a mensagem &quot;entidade não processada&quot;" classname="| Osasco |  | Guarda | Lucas x Mirella | 17/12/2020 | Aguardando | entidade não processada |" time="0"/>
  <testcase name="| Osasco |  | Guarda | Lucas x Mirella | 17/12/2020 | Aguardando | entidade não processada |" classname="| Osasco |  | Guarda | Lucas x Mirella | 17/12/2020 | Aguardando | entidade não processada |" time="0"/>
  <testcase name="Dado que o usuário gostaria de salvar seu registro" classname="|  | 1234 | Guarda | Lucas x Mirella | 17/12/2020 | Aguardando | entidade não processada |" time="0"/>
  <testcase name="Dado que o usuário gostaria de salvar seu registro" classname="|  | 1234 | Guarda | Lucas x Mirella | 17/12/2020 | Aguardando | entidade não processada |" time="0"/>
  <testcase name="E o usuário informar &quot;vara&quot; com valor igual a &quot;Osasco&quot;" classname="|  | 1234 | Guarda | Lucas x Mirella | 17/12/2020 | Aguardando | entidade não processada |" time="0"/>
  <testcase name="E o usuário informar &quot;numero_processo&quot; com valor igual a &quot;12345&quot;" classname="|  | 1234 | Guarda | Lucas x Mirella | 17/12/2020 | Aguardando | entidade não processada |" time="0"/>
  <testcase name="E o usuário informar &quot;natureza&quot; com valor igual a &quot;Guarda&quot;" classname="|  | 1234 | Guarda | Lucas x Mirella | 17/12/2020 | Aguardando | entidade não processada |" time="0"/>
  <testcase name="E o usuário informar &quot;natureza&quot; com valor igual a &quot;Guarda&quot;" classname="|  | 1234 | Guarda | Lucas x Mirella | 17/12/2020 | Aguardando | entidade não processada |" time="0"/>
  <testcase name="E o usuário informar &quot;partes&quot; com valor igual a &quot;Lucas x Mirella&quot;" classname="|  | 1234 | Guarda | Lucas x Mirella | 17/12/2020 | Aguardando | entidade não processada |" time="0"/>
  <testcase name="E o usuário informar &quot;partes&quot; com valor igual a &quot;Lucas x Mirella&quot;" classname="|  | 1234 | Guarda | Lucas x Mirella | 17/12/2020 | Aguardando | entidade não processada |" time="0"/>
  <testcase name="E o usuário informar &quot;urgente&quot; com valor igual a &quot;N&quot;" classname="|  | 1234 | Guarda | Lucas x Mirella | 17/12/2020 | Aguardando | entidade não processada |" time="0"/>
  <testcase name="E o usuário informar &quot;urgente&quot; com valor igual a &quot;N&quot;" classname="|  | 1234 | Guarda | Lucas x Mirella | 17/12/2020 | Aguardando | entidade não processada |" time="0"/>
  <testcase name="E o usuário informar &quot;arbitramento&quot; com valor igual a &quot;S&quot;" classname="|  | 1234 | Guarda | Lucas x Mirella | 17/12/2020 | Aguardando | entidade não processada |" time="0"/>
  <testcase name="E o usuário informar &quot;arbitramento&quot; com valor igual a &quot;S&quot;" classname="|  | 1234 | Guarda | Lucas x Mirella | 17/12/2020 | Aguardando | entidade não processada |" time="0"/>
  <testcase name="E o usuário informar &quot;assistente_social&quot; com valor igual a &quot;Aline&quot;" classname="|  | 1234 | Guarda | Lucas x Mirella | 17/12/2020 | Aguardando | entidade não processada |" time="0"/>
  <testcase name="E o usuário informar &quot;data_entrada&quot; com valor igual a &quot;17/12/2020&quot;" classname="|  | 1234 | Guarda | Lucas x Mirella | 17/12/2020 | Aguardando | entidade não processada |" time="0"/>
  <testcase name="E o usuário informar &quot;data_entrada&quot; com valor igual a &quot;17/12/2020&quot;" classname="|  | 1234 | Guarda | Lucas x Mirella | 17/12/2020 | Aguardando | entidade não processada |" time="0"/>
  <testcase name="E o usuário informar &quot;data_saida&quot; com valor igual a &quot;&quot;" classname="|  | 1234 | Guarda | Lucas x Mirella | 17/12/2020 | Aguardando | entidade não processada |" time="0"/>
  <testcase name="E o usuário informar &quot;data_saida&quot; com valor igual a &quot;&quot;" classname="|  | 1234 | Guarda | Lucas x Mirella | 17/12/2020 | Aguardando | entidade não processada |" time="0"/>
  <testcase name="E o usuário informar &quot;data_agendamento&quot; com valor igual a &quot;&quot;" classname="|  | 1234 | Guarda | Lucas x Mirella | 17/12/2020 | Aguardando | entidade não processada |" time="0"/>
  <testcase name="E o usuário informar &quot;data_agendamento&quot; com valor igual a &quot;&quot;" classname="|  | 1234 | Guarda | Lucas x Mirella | 17/12/2020 | Aguardando | entidade não processada |" time="0"/>
  <testcase name="E o usuário informar &quot;status&quot; com valor igual a &quot;Aguardando&quot;" classname="|  | 1234 | Guarda | Lucas x Mirella | 17/12/2020 | Aguardando | entidade não processada |" time="0"/>
  <testcase name="E o usuário informar &quot;status&quot; com valor igual a &quot;Aguardando&quot;" classname="|  | 1234 | Guarda | Lucas x Mirella | 17/12/2020 | Aguardando | entidade não processada |" time="0"/>
  <testcase name="E o usuário informar &quot;observacao&quot; com valor igual a &quot;&quot;" classname="|  | 1234 | Guarda | Lucas x Mirella | 17/12/2020 | Aguardando | entidade não processada |" time="0"/>
  <testcase name="E o usuário informar &quot;observacao&quot; com valor igual a &quot;&quot;" classname="|  | 1234 | Guarda | Lucas x Mirella | 17/12/2020 | Aguardando | entidade não processada |" time="0"/>
  <testcase name="E o usuário informar &quot;vara&quot; com valor igual a &quot;&quot;" classname="|  | 1234 | Guarda | Lucas x Mirella | 17/12/2020 | Aguardando | entidade não processada |" time="0"/>
  <testcase name="E o usuário informar &quot;numero_processo&quot; com valor igual a &quot;1234&quot;" classname="|  | 1234 | Guarda | Lucas x Mirella | 17/12/2020 | Aguardando | entidade não processada |" time="0"/>
  <testcase name="E o usuário informar &quot;assistente_social&quot; com valor igual a &quot;&quot;" classname="|  | 1234 | Guarda | Lucas x Mirella | 17/12/2020 | Aguardando | entidade não processada |" time="0"/>
  <testcase name="Quando o usuário clicar no botão salvar" classname="|  | 1234 | Guarda | Lucas x Mirella | 17/12/2020 | Aguardando | entidade não processada |" time="0"/>
  <testcase name="Então o usuário deveria ver a mensagem &quot;entidade não processada&quot;" classname="|  | 1234 | Guarda | Lucas x Mirella | 17/12/2020 | Aguardando | entidade não processada |" time="0"/>
  <testcase name="|  | 1234 | Guarda | Lucas x Mirella | 17/12/2020 | Aguardando | entidade não processada |" classname="|  | 1234 | Guarda | Lucas x Mirella | 17/12/2020 | Aguardando | entidade não processada |" time="0"/>
  <testcase name="Dado que o usuário gostaria de salvar seu registro" classname="| Osasco | 1234 | Guarda | Lucas x Mirella | Invalida | Aguardando | entidade não processada |" time="0"/>
  <testcase name="Dado que o usuário gostaria de salvar seu registro" classname="| Osasco | 1234 | Guarda | Lucas x Mirella | Invalida | Aguardando | entidade não processada |" time="0"/>
  <testcase name="E o usuário informar &quot;vara&quot; com valor igual a &quot;Osasco&quot;" classname="| Osasco | 1234 | Guarda | Lucas x Mirella | Invalida | Aguardando | entidade não processada |" time="0"/>
  <testcase name="E o usuário informar &quot;vara&quot; com valor igual a &quot;Osasco&quot;" classname="| Osasco | 1234 | Guarda | Lucas x Mirella | Invalida | Aguardando | entidade não processada |" time="0"/>
  <testcase name="E o usuário informar &quot;numero_processo&quot; com valor igual a &quot;12345&quot;" classname="| Osasco | 1234 | Guarda | Lucas x Mirella | Invalida | Aguardando | entidade não processada |" time="0"/>
  <testcase name="E o usuário informar &quot;natureza&quot; com valor igual a &quot;Guarda&quot;" classname="| Osasco | 1234 | Guarda | Lucas x Mirella | Invalida | Aguardando | entidade não processada |" time="0"/>
  <testcase name="E o usuário informar &quot;natureza&quot; com valor igual a &quot;Guarda&quot;" classname="| Osasco | 1234 | Guarda | Lucas x Mirella | Invalida | Aguardando | entidade não processada |" time="0"/>
  <testcase name="E o usuário informar &quot;partes&quot; com valor igual a &quot;Lucas x Mirella&quot;" classname="| Osasco | 1234 | Guarda | Lucas x Mirella | Invalida | Aguardando | entidade não processada |" time="0"/>
  <testcase name="E o usuário informar &quot;partes&quot; com valor igual a &quot;Lucas x Mirella&quot;" classname="| Osasco | 1234 | Guarda | Lucas x Mirella | Invalida | Aguardando | entidade não processada |" time="0"/>
  <testcase name="E o usuário informar &quot;urgente&quot; com valor igual a &quot;N&quot;" classname="| Osasco | 1234 | Guarda | Lucas x Mirella | Invalida | Aguardando | entidade não processada |" time="0"/>
  <testcase name="E o usuário informar &quot;urgente&quot; com valor igual a &quot;N&quot;" classname="| Osasco | 1234 | Guarda | Lucas x Mirella | Invalida | Aguardando | entidade não processada |" time="0"/>
  <testcase name="E o usuário informar &quot;arbitramento&quot; com valor igual a &quot;S&quot;" classname="| Osasco | 1234 | Guarda | Lucas x Mirella | Invalida | Aguardando | entidade não processada |" time="0"/>
  <testcase name="E o usuário informar &quot;arbitramento&quot; com valor igual a &quot;S&quot;" classname="| Osasco | 1234 | Guarda | Lucas x Mirella | Invalida | Aguardando | entidade não processada |" time="0"/>
  <testcase name="E o usuário informar &quot;assistente_social&quot; com valor igual a &quot;Aline&quot;" classname="| Osasco | 1234 | Guarda | Lucas x Mirella | Invalida | Aguardando | entidade não processada |" time="0"/>
  <testcase name="E o usuário informar &quot;data_entrada&quot; com valor igual a &quot;17/12/2020&quot;" classname="| Osasco | 1234 | Guarda | Lucas x Mirella | Invalida | Aguardando | entidade não processada |" time="0"/>
  <testcase name="E o usuário informar &quot;data_saida&quot; com valor igual a &quot;&quot;" classname="| Osasco | 1234 | Guarda | Lucas x Mirella | Invalida | Aguardando | entidade não processada |" time="0"/>
  <testcase name="E o usuário informar &quot;data_saida&quot; com valor igual a &quot;&quot;" classname="| Osasco | 1234 | Guarda | Lucas x Mirella | Invalida | Aguardando | entidade não processada |" time="0"/>
  <testcase name="E o usuário informar &quot;data_agendamento&quot; com valor igual a &quot;&quot;" classname="| Osasco | 1234 | Guarda | Lucas x Mirella | Invalida | Aguardando | entidade não processada |" time="0"/>
  <testcase name="E o usuário informar &quot;data_agendamento&quot; com valor igual a &quot;&quot;" classname="| Osasco | 1234 | Guarda | Lucas x Mirella | Invalida | Aguardando | entidade não processada |" time="0"/>
  <testcase name="E o usuário informar &quot;status&quot; com valor igual a &quot;Aguardando&quot;" classname="| Osasco | 1234 | Guarda | Lucas x Mirella | Invalida | Aguardando | entidade não processada |" time="0"/>
  <testcase name="E o usuário informar &quot;status&quot; com valor igual a &quot;Aguardando&quot;" classname="| Osasco | 1234 | Guarda | Lucas x Mirella | Invalida | Aguardando | entidade não processada |" time="0"/>
  <testcase name="E o usuário informar &quot;observacao&quot; com valor igual a &quot;&quot;" classname="| Osasco | 1234 | Guarda | Lucas x Mirella | Invalida | Aguardando | entidade não processada |" time="0"/>
  <testcase name="E o usuário informar &quot;observacao&quot; com valor igual a &quot;&quot;" classname="| Osasco | 1234 | Guarda | Lucas x Mirella | Invalida | Aguardando | entidade não processada |" time="0"/>
  <testcase name="E o usuário informar &quot;numero_processo&quot; com valor igual a &quot;1234&quot;" classname="| Osasco | 1234 | Guarda | Lucas x Mirella | Invalida | Aguardando | entidade não processada |" time="0"/>
  <testcase name="E o usuário informar &quot;assistente_social&quot; com valor igual a &quot;&quot;" classname="| Osasco | 1234 | Guarda | Lucas x Mirella | Invalida | Aguardando | entidade não processada |" time="0"/>
  <testcase name="E o usuário informar &quot;data_entrada&quot; com valor igual a &quot;Invalida&quot;" classname="| Osasco | 1234 | Guarda | Lucas x Mirella | Invalida | Aguardando | entidade não processada |" time="0"/>
  <testcase name="Quando o usuário clicar no botão salvar" classname="| Osasco | 1234 | Guarda | Lucas x Mirella | Invalida | Aguardando | entidade não processada |" time="0"/>
  <testcase name="Então o usuário deveria ver a mensagem &quot;entidade não processada&quot;" classname="| Osasco | 1234 | Guarda | Lucas x Mirella | Invalida | Aguardando | entidade não processada |" time="0"/>
  <testcase name="| Osasco | 1234 | Guarda | Lucas x Mirella | Invalida | Aguardando | entidade não processada |" classname="| Osasco | 1234 | Guarda | Lucas x Mirella | Invalida | Aguardando | entidade não processada |" time="0"/>
</testsuite>